<?xml version="1.0" encoding="UTF-8"?>
<testng-results ignored="0" total="1" passed="1" failed="0" skipped="0">
  <reporter-output>
  </reporter-output>
  <suite started-at="2023-04-20T09:59:48 PDT" name="Test Suite" finished-at="2023-04-20T09:59:50 PDT" duration-ms="1950">
    <groups>
    </groups>
    <test started-at="2023-04-20T09:59:48 PDT" name="Test" finished-at="2023-04-20T09:59:50 PDT" duration-ms="1950">
      <class name="co.edurekatraining.NewTest">
        <test-method is-config="true" signature="beforeMethod()[pri:0, instance:co.edurekatraining.NewTest@1725dc0f]" started-at="2023-04-20T09:59:48 PDT" name="beforeMethod" finished-at="2023-04-20T09:59:50 PDT" duration-ms="1735" status="PASS">
          <reporter-output>
          </reporter-output>
        </test-method> <!-- beforeMethod -->
        <test-method signature="methodOne()[pri:0, instance:co.edurekatraining.NewTest@1725dc0f]" started-at="2023-04-20T09:59:50 PDT" name="methodOne" finished-at="2023-04-20T09:59:50 PDT" duration-ms="109" status="PASS">
          <reporter-output>
          </reporter-output>
        </test-method> <!-- methodOne -->
        <test-method is-config="true" signature="afterMethod()[pri:0, instance:co.edurekatraining.NewTest@1725dc0f]" started-at="2023-04-20T09:59:50 PDT" name="afterMethod" finished-at="2023-04-20T09:59:50 PDT" duration-ms="86" status="PASS">
          <reporter-output>
          </reporter-output>
        </test-method> <!-- afterMethod -->
      </class> <!-- co.edurekatraining.NewTest -->
    </test> <!-- Test -->
  </suite> <!-- Test Suite -->
</testng-results>
